<?xml version="1.0" encoding="UTF-8"?>
<testsuite xmlns:xsi="http://www.w3.org/2001/XMLSchema-instance" xsi:noNamespaceSchemaLocation="https://maven.apache.org/surefire/maven-surefire-plugin/xsd/surefire-test-report.xsd" version="3.0.2" name="com.example.beteyared.BeteYaredApplicationTests" time="7.962" tests="1" errors="0" skipped="0" failures="0">
  <properties>
[...]
</properties>
  <testcase name="contextLoads" classname="com.example.beteyared.BeteYaredApplicationTests" time="0.575">
    <system-out><![CDATA[19:16:15.316 [main] INFO org.springframework.test.context.support.AnnotationConfigContextLoaderUtils -- Could not detect default configuration classes for test class [com.example.beteyared.BeteYaredApplicationTests]: BeteYaredApplicationTests does not declare any static, non-private, non-final, nested classes annotated with @Configuration.
19:16:15.421 [main] INFO org.springframework.boot.test.context.SpringBootTestContextBootstrapper -- Found @SpringBootConfiguration com.example.beteyared.BeteYaredApplication for test class com.example.beteyared.BeteYaredApplicationTests

  .   ____          _            __ _ _
 /\\ / ___'_ __ _ _(_)_ __  __ _ \ \ \ \
( ( )\___ | '_ | '_| | '_ \/ _` | \ \ \ \
 \\/  ___)| |_)| | | | | || (_| |  ) ) ) )
  '  |____| .__|_| |_|_| |_\__, | / / / /
 =========|_|==============|___/=/_/_/_/

 :: Spring Boot ::                (v3.4.2)

2025-02-06 19:16:15 [main] INFO  c.e.b.BeteYaredApplicationTests - Starting BeteYaredApplicationTests using Java 21.0.2 with PID 10862 (started by davend in /Users/davend/Desktop/Coding/ChurchApp/backend)
2025-02-06 19:16:15 [main] DEBUG c.e.b.BeteYaredApplicationTests - Running with Spring Boot v3.4.2, Spring v6.2.2
2025-02-06 19:16:15 [main] INFO  c.e.b.BeteYaredApplicationTests - No active profile set, falling back to 1 default profile: "default"
2025-02-06 19:16:16 [main] INFO  o.s.d.r.c.RepositoryConfigurationDelegate - Bootstrapping Spring Data JPA repositories in DEFAULT mode.
2025-02-06 19:16:16 [main] INFO  o.s.d.r.c.RepositoryConfigurationDelegate - Finished Spring Data repository scanning in 40 ms. Found 5 JPA repository interfaces.
2025-02-06 19:16:17 [main] INFO  o.h.jpa.internal.util.LogHelper - HHH000204: Processing PersistenceUnitInfo [name: default]
2025-02-06 19:16:17 [main] INFO  org.hibernate.Version - HHH000412: Hibernate ORM core version 6.6.5.Final
2025-02-06 19:16:17 [main] INFO  o.h.c.i.RegionFactoryInitiator - HHH000026: Second-level cache disabled
2025-02-06 19:16:17 [main] INFO  o.s.o.j.p.SpringPersistenceUnitInfo - No LoadTimeWeaver setup: ignoring JPA class transformer
2025-02-06 19:16:17 [main] INFO  com.zaxxer.hikari.HikariDataSource - HikariPool-1 - Starting...
2025-02-06 19:16:18 [main] INFO  com.zaxxer.hikari.pool.HikariPool - HikariPool-1 - Added connection conn0: url=jdbc:h2:file:./data/beteyared user=SA
2025-02-06 19:16:18 [main] INFO  com.zaxxer.hikari.HikariDataSource - HikariPool-1 - Start completed.
2025-02-06 19:16:18 [main] WARN  org.hibernate.orm.deprecation - HHH90000025: H2Dialect does not need to be specified explicitly using 'hibernate.dialect' (remove the property setting and it will be selected by default)
2025-02-06 19:16:18 [main] INFO  o.hibernate.orm.connections.pooling - HHH10001005: Database info:
	Database JDBC URL [Connecting through datasource 'HikariDataSource (HikariPool-1)']
	Database driver: undefined/unknown
	Database version: 2.3.232
	Autocommit mode: undefined/unknown
	Isolation level: undefined/unknown
	Minimum pool size: undefined/unknown
	Maximum pool size: undefined/unknown
2025-02-06 19:16:19 [main] INFO  o.h.e.t.j.p.i.JtaPlatformInitiator - HHH000489: No JTA platform available (set 'hibernate.transaction.jta.platform' to enable JTA platform integration)
2025-02-06 19:16:19 [main] DEBUG org.hibernate.SQL - 
    drop table if exists admins cascade 
Hibernate: 
    drop table if exists admins cascade 
2025-02-06 19:16:19 [main] DEBUG org.hibernate.SQL - 
    drop table if exists attendance cascade 
Hibernate: 
    drop table if exists attendance cascade 
2025-02-06 19:16:19 [main] DEBUG org.hibernate.SQL - 
    drop table if exists cohort_meetings cascade 
Hibernate: 
    drop table if exists cohort_meetings cascade 
2025-02-06 19:16:19 [main] DEBUG org.hibernate.SQL - 
    drop table if exists meetings cascade 
Hibernate: 
    drop table if exists meetings cascade 
2025-02-06 19:16:19 [main] DEBUG org.hibernate.SQL - 
    drop table if exists users cascade 
Hibernate: 
    drop table if exists users cascade 
2025-02-06 19:16:19 [main] DEBUG org.hibernate.SQL - 
    create table admins (
        created_at timestamp(6),
        id bigint generated by default as identity,
        updated_at timestamp(6),
        email varchar(255) not null unique,
        first_name varchar(255) not null,
        last_name varchar(255) not null,
        password varchar(255) not null,
        primary key (id)
    )
Hibernate: 
    create table admins (
        created_at timestamp(6),
        id bigint generated by default as identity,
        updated_at timestamp(6),
        email varchar(255) not null unique,
        first_name varchar(255) not null,
        last_name varchar(255) not null,
        password varchar(255) not null,
        primary key (id)
    )
2025-02-06 19:16:19 [main] DEBUG org.hibernate.SQL - 
    create table attendance (
        created_at timestamp(6),
        id bigint generated by default as identity,
        meeting_date timestamp(6) not null,
        user_id bigint not null,
        cohort varchar(255) not null,
        primary key (id)
    )
Hibernate: 
    create table attendance (
        created_at timestamp(6),
        id bigint generated by default as identity,
        meeting_date timestamp(6) not null,
        user_id bigint not null,
        cohort varchar(255) not null,
        primary key (id)
    )
2025-02-06 19:16:19 [main] DEBUG org.hibernate.SQL - 
    create table cohort_meetings (
        active boolean not null,
        meeting_day integer not null,
        id bigint generated by default as identity,
        cohort varchar(255) not null,
        meeting_id varchar(255) not null,
        primary key (id)
    )
Hibernate: 
    create table cohort_meetings (
        active boolean not null,
        meeting_day integer not null,
        id bigint generated by default as identity,
        cohort varchar(255) not null,
        meeting_id varchar(255) not null,
        primary key (id)
    )
2025-02-06 19:16:19 [main] DEBUG org.hibernate.SQL - 
    create table meetings (
        duration integer not null,
        is_recurring boolean not null,
        created_at timestamp(6) not null,
        id bigint generated by default as identity,
        next_occurrence timestamp(6),
        start_time timestamp(6) not null,
        recurring_meeting_id varchar(255),
        topic varchar(255) not null,
        zoom_meeting_id varchar(255) not null,
        primary key (id)
    )
Hibernate: 
    create table meetings (
        duration integer not null,
        is_recurring boolean not null,
        created_at timestamp(6) not null,
        id bigint generated by default as identity,
        next_occurrence timestamp(6),
        start_time timestamp(6) not null,
        recurring_meeting_id varchar(255),
        topic varchar(255) not null,
        zoom_meeting_id varchar(255) not null,
        primary key (id)
    )
2025-02-06 19:16:19 [main] DEBUG org.hibernate.SQL - 
    create table users (
        is_active boolean not null,
        created_at timestamp(6),
        id bigint generated by default as identity,
        updated_at timestamp(6),
        baptism_name varchar(255) not null,
        church_name varchar(255) not null,
        city varchar(255) not null,
        cohort varchar(255),
        country varchar(255) not null,
        email varchar(255) not null unique,
        first_name varchar(255) not null,
        last_name varchar(255) not null,
        phone_number varchar(255) not null,
        state varchar(255) not null,
        role enum ('ADMIN','USER') not null,
        primary key (id)
    )
Hibernate: 
    create table users (
        is_active boolean not null,
        created_at timestamp(6),
        id bigint generated by default as identity,
        updated_at timestamp(6),
        baptism_name varchar(255) not null,
        church_name varchar(255) not null,
        city varchar(255) not null,
        cohort varchar(255),
        country varchar(255) not null,
        email varchar(255) not null unique,
        first_name varchar(255) not null,
        last_name varchar(255) not null,
        phone_number varchar(255) not null,
        state varchar(255) not null,
        role enum ('ADMIN','USER') not null,
        primary key (id)
    )
2025-02-06 19:16:19 [main] DEBUG org.hibernate.SQL - 
    alter table if exists attendance 
       add constraint FKjcaqd29v2qy723owsdah2t8vx 
       foreign key (user_id) 
       references users
Hibernate: 
    alter table if exists attendance 
       add constraint FKjcaqd29v2qy723owsdah2t8vx 
       foreign key (user_id) 
       references users
2025-02-06 19:16:19 [main] INFO  o.s.o.j.LocalContainerEntityManagerFactoryBean - Initialized JPA EntityManagerFactory for persistence unit 'default'
2025-02-06 19:16:19 [main] INFO  o.s.d.j.r.query.QueryEnhancerFactory - Hibernate is in classpath; If applicable, HQL parser will be used.
2025-02-06 19:16:20 [main] WARN  o.s.b.a.o.j.JpaBaseConfiguration$JpaWebConfiguration - spring.jpa.open-in-view is enabled by default. Therefore, database queries may be performed during view rendering. Explicitly configure spring.jpa.open-in-view to disable this warning
2025-02-06 19:16:20 [main] WARN  o.s.b.a.s.s.UserDetailsServiceAutoConfiguration - 

Using generated security password: bf409f78-5fe4-42b2-b6e4-a4a81a5a633f

This generated password is for development use only. Your security configuration must be updated before running your application in production.

2025-02-06 19:16:20 [main] INFO  o.s.s.c.a.a.c.InitializeUserDetailsBeanManagerConfigurer$InitializeUserDetailsManagerConfigurer - Global AuthenticationManager configured with UserDetailsService bean with name inMemoryUserDetailsManager
2025-02-06 19:16:21 [main] INFO  o.s.b.a.e.web.EndpointLinksResolver - Exposing 1 endpoint beneath base path '/actuator'
2025-02-06 19:16:22 [main] INFO  c.e.b.BeteYaredApplicationTests - Started BeteYaredApplicationTests in 6.866 seconds (process running for 7.805)
]]></system-out>
    <system-err><![CDATA[Mockito is currently self-attaching to enable the inline-mock-maker. This will no longer work in future releases of the JDK. Please add Mockito as an agent to your build what is described in Mockito's documentation: https://javadoc.io/doc/org.mockito/mockito-core/latest/org/mockito/Mockito.html#0.3
WARNING: A Java agent has been loaded dynamically (/Users/davend/.m2/repository/net/bytebuddy/byte-buddy-agent/1.15.11/byte-buddy-agent-1.15.11.jar)
WARNING: If a serviceability tool is in use, please run with -XX:+EnableDynamicAgentLoading to hide this warning
WARNING: If a serviceability tool is not in use, please run with -Djdk.instrument.traceUsage for more information
WARNING: Dynamic loading of agents will be disallowed by default in a future release
]]></system-err>
  </testcase>
</testsuite>